# JRE version: Java(TM) SE Runtime Environment (17.0.11+7) (build 17.0.11+7-LTS-207)
# Java VM: Java HotSpot(TM) 64-Bit Server VM (17.0.11+7-LTS-207, mixed mode, sharing, tiered, compressed oops, compressed class ptrs, g1 gc, windows-amd64)
GC Precious Log:
 CPUs: 12 total, 12 available
 Memory: 16077M
 Large Page Support: Disabled
 NUMA Support: Disabled
 Compressed Oops: Enabled (Zero based)
 Heap Region Size: 2M
 Heap Min Capacity: 8M
 Heap Initial Capacity: 252M
 Heap Max Capacity: 4020M
 Pre-touch: Disabled
 Parallel Workers: 10
 Concurrent Workers: 3
 Concurrent Refinement Workers: 10
 Periodic GC: Disabled
Heap:
 garbage-first heap   total 110592K, used 45644K [0x0000000704c00000, 0x0000000800000000)
  region size 2048K, 10 young (20480K), 4 survivors (8192K)
 Metaspace       used 80280K, committed 80960K, reserved 1179648K
  class space    used 10906K, committed 11264K, reserved 1048576K
GC Heap History (20 events):
Event: 3.179 GC heap before
{Heap before GC invocations=6 (full 0):
 garbage-first heap   total 55296K, used 34833K [0x0000000704c00000, 0x0000000800000000)
  region size 2048K, 10 young (20480K), 1 survivors (2048K)
 Metaspace       used 28555K, committed 28928K, reserved 1114112K
  class space    used 3641K, committed 3776K, reserved 1048576K
}
Event: 3.181 GC heap after
{Heap after GC invocations=7 (full 0):
 garbage-first heap   total 55296K, used 17201K [0x0000000704c00000, 0x0000000800000000)
  region size 2048K, 1 young (2048K), 1 survivors (2048K)
 Metaspace       used 28555K, committed 28928K, reserved 1114112K
  class space    used 3641K, committed 3776K, reserved 1048576K
}
Event: 3.713 GC heap before
{Heap before GC invocations=7 (full 0):
 garbage-first heap   total 55296K, used 37681K [0x0000000704c00000, 0x0000000800000000)
  region size 2048K, 11 young (22528K), 1 survivors (2048K)
 Metaspace       used 31309K, committed 31744K, reserved 1114112K
  class space    used 3979K, committed 4224K, reserved 1048576K
}
Event: 3.716 GC heap after
{Heap after GC invocations=8 (full 0):
 garbage-first heap   total 55296K, used 18567K [0x0000000704c00000, 0x0000000800000000)
  region size 2048K, 2 young (4096K), 2 survivors (4096K)
 Metaspace       used 31309K, committed 31744K, reserved 1114112K
  class space    used 3979K, committed 4224K, reserved 1048576K
}
Event: 4.251 GC heap before
{Heap before GC invocations=8 (full 0):
 garbage-first heap   total 55296K, used 36999K [0x0000000704c00000, 0x0000000800000000)
  region size 2048K, 11 young (22528K), 2 survivors (4096K)
 Metaspace       used 33660K, committed 34048K, reserved 1114112K
  class space    used 4287K, committed 4480K, reserved 1048576K
}
Event: 4.254 GC heap after
{Heap after GC invocations=9 (full 0):
 garbage-first heap   total 55296K, used 19965K [0x0000000704c00000, 0x0000000800000000)
  region size 2048K, 2 young (4096K), 2 survivors (4096K)
 Metaspace       used 33660K, committed 34048K, reserved 1114112K
  class space    used 4287K, committed 4480K, reserved 1048576K
}
Event: 4.665 GC heap before
{Heap before GC invocations=9 (full 0):
 garbage-first heap   total 55296K, used 32253K [0x0000000704c00000, 0x0000000800000000)
  region size 2048K, 9 young (18432K), 2 survivors (4096K)
 Metaspace       used 35669K, committed 36096K, reserved 1114112K
  class space    used 4579K, committed 4800K, reserved 1048576K
}
Event: 4.669 GC heap after
{Heap after GC invocations=10 (full 0):
 garbage-first heap   total 55296K, used 21110K [0x0000000704c00000, 0x0000000800000000)
  region size 2048K, 2 young (4096K), 2 survivors (4096K)
 Metaspace       used 35669K, committed 36096K, reserved 1114112K
  class space    used 4579K, committed 4800K, reserved 1048576K
}
Event: 5.264 GC heap before
{Heap before GC invocations=11 (full 0):
 garbage-first heap   total 55296K, used 39542K [0x0000000704c00000, 0x0000000800000000)
  region size 2048K, 11 young (22528K), 2 survivors (4096K)
 Metaspace       used 39247K, committed 39744K, reserved 1114112K
  class space    used 5082K, committed 5312K, reserved 1048576K
}
Event: 5.268 GC heap after
{Heap after GC invocations=12 (full 0):
 garbage-first heap   total 157696K, used 22548K [0x0000000704c00000, 0x0000000800000000)
  region size 2048K, 2 young (4096K), 2 survivors (4096K)
 Metaspace       used 39247K, committed 39744K, reserved 1114112K
  class space    used 5082K, committed 5312K, reserved 1048576K
}
Event: 5.342 GC heap before
{Heap before GC invocations=12 (full 0):
 garbage-first heap   total 157696K, used 24596K [0x0000000704c00000, 0x0000000800000000)
  region size 2048K, 3 young (6144K), 2 survivors (4096K)
 Metaspace       used 39772K, committed 40256K, reserved 1114112K
  class space    used 5134K, committed 5376K, reserved 1048576K
}
Event: 5.347 GC heap after
{Heap after GC invocations=13 (full 0):
 garbage-first heap   total 157696K, used 22518K [0x0000000704c00000, 0x0000000800000000)
  region size 2048K, 1 young (2048K), 1 survivors (2048K)
 Metaspace       used 39772K, committed 40256K, reserved 1114112K
  class space    used 5134K, committed 5376K, reserved 1048576K
}
Event: 8.105 GC heap before
{Heap before GC invocations=13 (full 0):
 garbage-first heap   total 157696K, used 114678K [0x0000000704c00000, 0x0000000800000000)
  region size 2048K, 46 young (94208K), 1 survivors (2048K)
 Metaspace       used 58144K, committed 58752K, reserved 1114112K
  class space    used 7809K, committed 8128K, reserved 1048576K
}
Event: 8.113 GC heap after
{Heap after GC invocations=14 (full 0):
 garbage-first heap   total 157696K, used 28679K [0x0000000704c00000, 0x0000000800000000)
  region size 2048K, 4 young (8192K), 4 survivors (8192K)
 Metaspace       used 58144K, committed 58752K, reserved 1114112K
  class space    used 7809K, committed 8128K, reserved 1048576K
}
Event: 8.253 GC heap before
{Heap before GC invocations=14 (full 0):
 garbage-first heap   total 157696K, used 34823K [0x0000000704c00000, 0x0000000800000000)
  region size 2048K, 8 young (16384K), 4 survivors (8192K)
 Metaspace       used 59924K, committed 60480K, reserved 1114112K
  class space    used 8087K, committed 8384K, reserved 1048576K
}
Event: 8.260 GC heap after
{Heap after GC invocations=15 (full 0):
 garbage-first heap   total 157696K, used 29704K [0x0000000704c00000, 0x0000000800000000)
  region size 2048K, 1 young (2048K), 1 survivors (2048K)
 Metaspace       used 59924K, committed 60480K, reserved 1114112K
  class space    used 8087K, committed 8384K, reserved 1048576K
}
Event: 9.955 GC heap before
{Heap before GC invocations=16 (full 0):
 garbage-first heap   total 110592K, used 99336K [0x0000000704c00000, 0x0000000800000000)
  region size 2048K, 36 young (73728K), 1 survivors (2048K)
 Metaspace       used 74721K, committed 75328K, reserved 1114112K
  class space    used 10249K, committed 10560K, reserved 1048576K
}
Event: 9.959 GC heap after
{Heap after GC invocations=17 (full 0):
 garbage-first heap   total 110592K, used 32218K [0x0000000704c00000, 0x0000000800000000)
  region size 2048K, 2 young (4096K), 2 survivors (4096K)
 Metaspace       used 74721K, committed 75328K, reserved 1114112K
  class space    used 10249K, committed 10560K, reserved 1048576K
}
Event: 11.186 GC heap before
{Heap before GC invocations=17 (full 0):
 garbage-first heap   total 110592K, used 87514K [0x0000000704c00000, 0x0000000800000000)
  region size 2048K, 29 young (59392K), 2 survivors (4096K)
 Metaspace       used 79706K, committed 80320K, reserved 1179648K
  class space    used 10850K, committed 11136K, reserved 1048576K
}
Event: 11.191 GC heap after
{Heap after GC invocations=18 (full 0):
 garbage-first heap   total 110592K, used 35404K [0x0000000704c00000, 0x0000000800000000)
  region size 2048K, 4 young (8192K), 4 survivors (8192K)
 Metaspace       used 79706K, committed 80320K, reserved 1179648K
  class space    used 10850K, committed 11136K, reserved 1048576K
}

